
========== [EVM DEBUG] Starting execution ==========
Bytecode length: 5468, Gas: 9947000

========== [EVM DEBUG] Starting execution ==========
Bytecode length: 5468, Gas: 9947000

========== [EVM DEBUG] Starting execution ==========
Bytecode length: 405, Gas: 9947000
[EVM SUCCESS] Execution completed - Iterations: 23, Gas remaining: 9926951, Return data: 369 bytes

========== [EVM DEBUG] Starting execution ==========
Bytecode length: 405, Gas: 9947000
[EVM SUCCESS] Execution completed - Iterations: 23, Gas remaining: 9926951, Return data: 369 bytes

========== [EVM DEBUG] Starting execution ==========
Bytecode length: 405, Gas: 9947000
[EVM SUCCESS] Execution completed - Iterations: 23, Gas remaining: 9926951, Return data: 369 bytes

========== [EVM DEBUG] Starting execution ==========
Bytecode length: 369, Gas: 10000000
[EVM REVERT] PC: 66, Data length: 0

========== [EVM DEBUG] Starting execution ==========
Bytecode length: 405, Gas: 9947000
[EVM] PC: 0, Opcode: 0x60, Gas: 9947000, Stack size: 0
[EVM] PC: 2, Opcode: 0x60, Gas: 9946997, Stack size: 1
[EVM] PC: 4, Opcode: 0x52, Gas: 9946994, Stack size: 2
[EVM] PC: 5, Opcode: 0x34, Gas: 9946991, Stack size: 0
[EVM] PC: 6, Opcode: 0x80, Gas: 9946991, Stack size: 1
[EVM] PC: 7, Opcode: 0x15, Gas: 9946988, Stack size: 2
[EVM] PC: 8, Opcode: 0x61, Gas: 9946985, Stack size: 2
[EVM] PC: 11, Opcode: 0x57, Gas: 9946982, Stack size: 3
[EVM] PC: 15, Opcode: 0x5b, Gas: 9946982, Stack size: 1
[EVM] PC: 16, Opcode: 0x50, Gas: 9946982, Stack size: 1
[EVM] PC: 17, Opcode: 0x60, Gas: 9946980, Stack size: 0
[EVM] PC: 19, Opcode: 0x5f, Gas: 9946977, Stack size: 1
[EVM] PC: 20, Opcode: 0x81, Gas: 9946975, Stack size: 2
[EVM] PC: 21, Opcode: 0x90, Gas: 9946972, Stack size: 3
[EVM] PC: 22, Opcode: 0x55, Gas: 9946969, Stack size: 3
[EVM] PC: 23, Opcode: 0x50, Gas: 9926969, Stack size: 1
[EVM] PC: 24, Opcode: 0x61, Gas: 9926967, Stack size: 0
[EVM] PC: 27, Opcode: 0x80, Gas: 9926964, Stack size: 1
[EVM] PC: 28, Opcode: 0x61, Gas: 9926961, Stack size: 2
[EVM] PC: 31, Opcode: 0x5f, Gas: 9926958, Stack size: 3
[EVM] PC: 32, Opcode: 0x39, Gas: 9926956, Stack size: 4
[EVM] PC: 33, Opcode: 0x5f, Gas: 9926953, Stack size: 1
[EVM] PC: 34, Opcode: 0xf3, Gas: 9926951, Stack size: 2
[EVM SUCCESS] Execution completed - Iterations: 23, Gas remaining: 9926951, Return data: 369 bytes

========== [EVM DEBUG] Starting execution ==========
Bytecode length: 369, Gas: 10000000
[EVM] PC: 0, Opcode: 0x60, Gas: 10000000, Stack size: 0
[EVM] PC: 2, Opcode: 0x60, Gas: 9999997, Stack size: 1
[EVM] PC: 4, Opcode: 0x52, Gas: 9999994, Stack size: 2
[EVM] PC: 5, Opcode: 0x34, Gas: 9999991, Stack size: 0
[EVM] PC: 6, Opcode: 0x80, Gas: 9999991, Stack size: 1
[EVM] PC: 7, Opcode: 0x15, Gas: 9999988, Stack size: 2
[EVM] PC: 8, Opcode: 0x61, Gas: 9999985, Stack size: 2
[EVM] PC: 11, Opcode: 0x57, Gas: 9999982, Stack size: 3
[EVM] PC: 15, Opcode: 0x5b, Gas: 9999982, Stack size: 1
[EVM] PC: 16, Opcode: 0x50, Gas: 9999982, Stack size: 1
[EVM] PC: 17, Opcode: 0x60, Gas: 9999980, Stack size: 0
[EVM] PC: 19, Opcode: 0x36, Gas: 9999977, Stack size: 1
[EVM] PC: 20, Opcode: 0x10, Gas: 9999975, Stack size: 2
[EVM] PC: 21, Opcode: 0x61, Gas: 9999972, Stack size: 1
[EVM] PC: 24, Opcode: 0x57, Gas: 9999969, Stack size: 2
[EVM] PC: 25, Opcode: 0x5f, Gas: 9999969, Stack size: 0
[EVM] PC: 26, Opcode: 0x35, Gas: 9999967, Stack size: 1
[EVM] PC: 27, Opcode: 0x60, Gas: 9999964, Stack size: 1
[EVM] PC: 29, Opcode: 0x1c, Gas: 9999961, Stack size: 2
[EVM] PC: 30, Opcode: 0x80, Gas: 9999958, Stack size: 1
[EVM] PC: 31, Opcode: 0x63, Gas: 9999955, Stack size: 2
[EVM] PC: 36, Opcode: 0x14, Gas: 9999952, Stack size: 3
[EVM] PC: 37, Opcode: 0x61, Gas: 9999949, Stack size: 2
[EVM] PC: 40, Opcode: 0x57, Gas: 9999946, Stack size: 3
[EVM] PC: 41, Opcode: 0x80, Gas: 9999946, Stack size: 1
[EVM] PC: 42, Opcode: 0x63, Gas: 9999943, Stack size: 2
[EVM] PC: 47, Opcode: 0x14, Gas: 9999940, Stack size: 3
[EVM] PC: 48, Opcode: 0x61, Gas: 9999937, Stack size: 2
[EVM] PC: 51, Opcode: 0x57, Gas: 9999934, Stack size: 3
[EVM] PC: 52, Opcode: 0x80, Gas: 9999934, Stack size: 1
[EVM] PC: 53, Opcode: 0x63, Gas: 9999931, Stack size: 2
[EVM] PC: 58, Opcode: 0x14, Gas: 9999928, Stack size: 3
[EVM] PC: 59, Opcode: 0x61, Gas: 9999925, Stack size: 2
[EVM] PC: 62, Opcode: 0x57, Gas: 9999922, Stack size: 3
[EVM] PC: 63, Opcode: 0x5b, Gas: 9999922, Stack size: 1
[EVM] PC: 64, Opcode: 0x5f, Gas: 9999922, Stack size: 1
[EVM] PC: 65, Opcode: 0x80, Gas: 9999920, Stack size: 2
[EVM] PC: 66, Opcode: 0xfd, Gas: 9999917, Stack size: 3
[EVM REVERT] PC: 66, Data length: 0

========== [EVM DEBUG] Starting execution ==========
Bytecode length: 405, Gas: 9947000
[EVM SUCCESS] Execution completed - Iterations: 23, Gas remaining: 9926951, Return data: 369 bytes

========== [EVM DEBUG] Starting execution ==========
Bytecode length: 369, Gas: 10000000
[EVM REVERT] PC: 66, Data length: 0

========== [EVM DEBUG] Starting execution ==========
Bytecode length: 405, Gas: 9947000
[EVM SUCCESS] Execution completed - Iterations: 23, Gas remaining: 9926951, Return data: 369 bytes

========== [EVM DEBUG] Starting execution ==========
Bytecode length: 369, Gas: 10000000
[EVM SUCCESS] Execution completed - Iterations: 92, Gas remaining: 9999711, Return data: 32 bytes

========== [EVM DEBUG] Starting execution ==========
Bytecode length: 369, Gas: 979000
[EVM SUCCESS] Execution completed - Iterations: 128, Gas remaining: 958739, Return data: 0 bytes

========== [EVM DEBUG] Starting execution ==========
Bytecode length: 369, Gas: 10000000
[EVM SUCCESS] Execution completed - Iterations: 92, Gas remaining: 9999711, Return data: 32 bytes

========== [EVM DEBUG] Starting execution ==========
Bytecode length: 5468, Gas: 9947000

========== [EVM DEBUG] Starting execution ==========
Bytecode length: 5468, Gas: 9947000

========== [EVM DEBUG] Starting execution ==========
Bytecode length: 5060, Gas: 9947000

========== [EVM DEBUG] Starting execution ==========
Bytecode length: 3668, Gas: 9947000

========== [EVM DEBUG] Starting execution ==========
Bytecode length: 3668, Gas: 9947000

========== [EVM DEBUG] Starting execution ==========
Bytecode length: 3668, Gas: 9947000
[EVM SUCCESS] Execution completed - Iterations: 374, Gas remaining: 9844942, Return data: 2992 bytes

========== [EVM DEBUG] Starting execution ==========
Bytecode length: 2992, Gas: 10000000
[EVM SUCCESS] Execution completed - Iterations: 233, Gas remaining: 9999081, Return data: 96 bytes

========== [EVM DEBUG] Starting execution ==========
Bytecode length: 2992, Gas: 10000000
[EVM SUCCESS] Execution completed - Iterations: 242, Gas remaining: 9999057, Return data: 96 bytes

========== [EVM DEBUG] Starting execution ==========
Bytecode length: 2992, Gas: 10000000
[EVM SUCCESS] Execution completed - Iterations: 68, Gas remaining: 9999730, Return data: 32 bytes

========== [EVM DEBUG] Starting execution ==========
Bytecode length: 2992, Gas: 10000000
[EVM SUCCESS] Execution completed - Iterations: 68, Gas remaining: 9999748, Return data: 32 bytes

========== [EVM DEBUG] Starting execution ==========
Bytecode length: 2992, Gas: 10000000
[EVM SUCCESS] Execution completed - Iterations: 104, Gas remaining: 9999619, Return data: 32 bytes

========== [EVM DEBUG] Starting execution ==========
Bytecode length: 2992, Gas: 979000
[EVM SUCCESS] Execution completed - Iterations: 230, Gas remaining: 937633, Return data: 32 bytes

========== [EVM DEBUG] Starting execution ==========
Bytecode length: 2992, Gas: 10000000
[EVM SUCCESS] Execution completed - Iterations: 104, Gas remaining: 9999619, Return data: 32 bytes

========== [EVM DEBUG] Starting execution ==========
Bytecode length: 2992, Gas: 10000000
[EVM SUCCESS] Execution completed - Iterations: 104, Gas remaining: 9999619, Return data: 32 bytes

========== [EVM DEBUG] Starting execution ==========
Bytecode length: 5468, Gas: 9947000
[EVM SUCCESS] Execution completed - Iterations: 847, Gas remaining: 9844083, Return data: 3451 bytes

========== [EVM DEBUG] Starting execution ==========
Bytecode length: 3451, Gas: 10000000
[EVM SUCCESS] Execution completed - Iterations: 335, Gas remaining: 9998929, Return data: 96 bytes

========== [EVM DEBUG] Starting execution ==========
Bytecode length: 3451, Gas: 10000000
[EVM SUCCESS] Execution completed - Iterations: 344, Gas remaining: 9998904, Return data: 96 bytes

========== [EVM DEBUG] Starting execution ==========
Bytecode length: 3451, Gas: 10000000
[EVM SUCCESS] Execution completed - Iterations: 105, Gas remaining: 9999665, Return data: 32 bytes

========== [EVM DEBUG] Starting execution ==========
Bytecode length: 3451, Gas: 10000000
[EVM SUCCESS] Execution completed - Iterations: 105, Gas remaining: 9999682, Return data: 32 bytes

========== [EVM DEBUG] Starting execution ==========
Bytecode length: 3451, Gas: 10000000
[EVM SUCCESS] Execution completed - Iterations: 206, Gas remaining: 9999441, Return data: 32 bytes

========== [EVM DEBUG] Starting execution ==========
Bytecode length: 3451, Gas: 979000
[EVM SUCCESS] Execution completed - Iterations: 524, Gas remaining: 937089, Return data: 32 bytes

========== [EVM DEBUG] Starting execution ==========
Bytecode length: 3451, Gas: 10000000
[EVM SUCCESS] Execution completed - Iterations: 206, Gas remaining: 9999441, Return data: 32 bytes

========== [EVM DEBUG] Starting execution ==========
Bytecode length: 3451, Gas: 10000000
[EVM SUCCESS] Execution completed - Iterations: 206, Gas remaining: 9999441, Return data: 32 bytes

========== [EVM DEBUG] Starting execution ==========
Bytecode length: 5468, Gas: 9947000
[EVM SUCCESS] Execution completed - Iterations: 847, Gas remaining: 9844083, Return data: 3451 bytes

========== [EVM DEBUG] Starting execution ==========
Bytecode length: 3451, Gas: 10000000
[EVM SUCCESS] Execution completed - Iterations: 335, Gas remaining: 9998929, Return data: 96 bytes

========== [EVM DEBUG] Starting execution ==========
Bytecode length: 3451, Gas: 10000000
[EVM SUCCESS] Execution completed - Iterations: 344, Gas remaining: 9998904, Return data: 96 bytes

========== [EVM DEBUG] Starting execution ==========
Bytecode length: 3451, Gas: 10000000
[EVM SUCCESS] Execution completed - Iterations: 105, Gas remaining: 9999665, Return data: 32 bytes

========== [EVM DEBUG] Starting execution ==========
Bytecode length: 3451, Gas: 10000000
[EVM SUCCESS] Execution completed - Iterations: 105, Gas remaining: 9999682, Return data: 32 bytes

========== [EVM DEBUG] Starting execution ==========
Bytecode length: 3451, Gas: 10000000
[EVM SUCCESS] Execution completed - Iterations: 206, Gas remaining: 9999441, Return data: 32 bytes

========== [EVM DEBUG] Starting execution ==========
Bytecode length: 3451, Gas: 979000
[EVM SUCCESS] Execution completed - Iterations: 524, Gas remaining: 937089, Return data: 32 bytes

========== [EVM DEBUG] Starting execution ==========
Bytecode length: 3451, Gas: 10000000
[EVM SUCCESS] Execution completed - Iterations: 206, Gas remaining: 9999441, Return data: 32 bytes

========== [EVM DEBUG] Starting execution ==========
Bytecode length: 3451, Gas: 10000000
[EVM SUCCESS] Execution completed - Iterations: 206, Gas remaining: 9999441, Return data: 32 bytes

========== [EVM DEBUG] Starting execution ==========
Bytecode length: 3451, Gas: 979000
[EVM SUCCESS] Execution completed - Iterations: 524, Gas remaining: 937089, Return data: 32 bytes

========== [EVM DEBUG] Starting execution ==========
Bytecode length: 3451, Gas: 10000000
[EVM SUCCESS] Execution completed - Iterations: 206, Gas remaining: 9999441, Return data: 32 bytes

========== [EVM DEBUG] Starting execution ==========
Bytecode length: 3451, Gas: 10000000
[EVM SUCCESS] Execution completed - Iterations: 335, Gas remaining: 9998929, Return data: 96 bytes

========== [EVM DEBUG] Starting execution ==========
Bytecode length: 3451, Gas: 10000000
[EVM SUCCESS] Execution completed - Iterations: 105, Gas remaining: 9999665, Return data: 32 bytes

========== [EVM DEBUG] Starting execution ==========
Bytecode length: 3451, Gas: 10000000
[EVM SUCCESS] Execution completed - Iterations: 335, Gas remaining: 9998929, Return data: 96 bytes

========== [EVM DEBUG] Starting execution ==========
Bytecode length: 3451, Gas: 10000000
[EVM SUCCESS] Execution completed - Iterations: 105, Gas remaining: 9999682, Return data: 32 bytes
